mode: set
github.com/calvincolton/greenlight/cmd/examples/cors/preflight/main.go:45.13,51.98 4 0
github.com/calvincolton/greenlight/cmd/examples/cors/preflight/main.go:51.98,53.3 1 0
github.com/calvincolton/greenlight/cmd/examples/cors/preflight/main.go:54.2,54.16 1 0
github.com/calvincolton/greenlight/internal/mailer/mailer.go:20.75,28.2 3 0
github.com/calvincolton/greenlight/internal/mailer/mailer.go:30.70,32.16 2 0
github.com/calvincolton/greenlight/internal/mailer/mailer.go:32.16,34.3 1 0
github.com/calvincolton/greenlight/internal/mailer/mailer.go:36.2,38.16 3 0
github.com/calvincolton/greenlight/internal/mailer/mailer.go:38.16,40.3 1 0
github.com/calvincolton/greenlight/internal/mailer/mailer.go:42.2,44.16 3 0
github.com/calvincolton/greenlight/internal/mailer/mailer.go:44.16,46.3 1 0
github.com/calvincolton/greenlight/internal/mailer/mailer.go:48.2,50.16 3 0
github.com/calvincolton/greenlight/internal/mailer/mailer.go:50.16,52.3 1 0
github.com/calvincolton/greenlight/internal/mailer/mailer.go:54.2,61.26 7 0
github.com/calvincolton/greenlight/internal/mailer/mailer.go:61.26,64.17 2 0
github.com/calvincolton/greenlight/internal/mailer/mailer.go:64.17,66.4 1 0
github.com/calvincolton/greenlight/internal/mailer/mailer.go:68.3,68.38 1 0
github.com/calvincolton/greenlight/internal/mailer/mailer.go:71.2,71.12 1 0
github.com/calvincolton/greenlight/cmd/examples/cors/simple/main.go:36.13,42.98 4 0
github.com/calvincolton/greenlight/cmd/examples/cors/simple/main.go:42.98,44.3 1 0
github.com/calvincolton/greenlight/cmd/examples/cors/simple/main.go:45.2,45.16 1 0
github.com/calvincolton/greenlight/internal/validator/validator.go:16.23,18.2 1 0
github.com/calvincolton/greenlight/internal/validator/validator.go:20.34,22.2 1 0
github.com/calvincolton/greenlight/internal/validator/validator.go:24.51,25.41 1 0
github.com/calvincolton/greenlight/internal/validator/validator.go:25.41,27.3 1 0
github.com/calvincolton/greenlight/internal/validator/validator.go:30.64,31.9 1 0
github.com/calvincolton/greenlight/internal/validator/validator.go:31.9,33.3 1 0
github.com/calvincolton/greenlight/internal/validator/validator.go:36.71,38.2 1 0
github.com/calvincolton/greenlight/internal/validator/validator.go:40.52,42.2 1 0
github.com/calvincolton/greenlight/internal/validator/validator.go:44.44,47.31 2 0
github.com/calvincolton/greenlight/internal/validator/validator.go:47.31,49.3 1 0
github.com/calvincolton/greenlight/internal/validator/validator.go:51.2,51.41 1 0
github.com/calvincolton/greenlight/internal/store/filters.go:17.38,18.43 1 0
github.com/calvincolton/greenlight/internal/store/filters.go:18.43,19.26 1 0
github.com/calvincolton/greenlight/internal/store/filters.go:19.26,21.4 1 0
github.com/calvincolton/greenlight/internal/store/filters.go:24.2,24.43 1 0
github.com/calvincolton/greenlight/internal/store/filters.go:27.42,28.44 1 0
github.com/calvincolton/greenlight/internal/store/filters.go:28.44,30.3 1 0
github.com/calvincolton/greenlight/internal/store/filters.go:32.2,32.14 1 0
github.com/calvincolton/greenlight/internal/store/filters.go:35.30,37.2 1 0
github.com/calvincolton/greenlight/internal/store/filters.go:39.31,41.2 1 0
github.com/calvincolton/greenlight/internal/store/filters.go:43.57,51.2 6 0
github.com/calvincolton/greenlight/internal/store/filters.go:61.67,62.23 1 0
github.com/calvincolton/greenlight/internal/store/filters.go:62.23,64.3 1 0
github.com/calvincolton/greenlight/internal/store/filters.go:66.2,72.3 1 0
github.com/calvincolton/greenlight/internal/store/movies.go:29.48,42.2 5 0
github.com/calvincolton/greenlight/internal/store/movies.go:44.51,45.12 1 0
github.com/calvincolton/greenlight/internal/store/movies.go:45.12,47.3 1 0
github.com/calvincolton/greenlight/internal/store/movies.go:49.2,69.16 6 0
github.com/calvincolton/greenlight/internal/store/movies.go:69.16,70.10 1 0
github.com/calvincolton/greenlight/internal/store/movies.go:71.38,72.33 1 0
github.com/calvincolton/greenlight/internal/store/movies.go:73.11,74.19 1 0
github.com/calvincolton/greenlight/internal/store/movies.go:78.2,78.20 1 0
github.com/calvincolton/greenlight/internal/store/movies.go:81.48,102.16 6 0
github.com/calvincolton/greenlight/internal/store/movies.go:102.16,103.10 1 0
github.com/calvincolton/greenlight/internal/store/movies.go:104.38,105.26 1 0
github.com/calvincolton/greenlight/internal/store/movies.go:106.11,107.14 1 0
github.com/calvincolton/greenlight/internal/store/movies.go:111.2,111.12 1 0
github.com/calvincolton/greenlight/internal/store/movies.go:114.44,115.12 1 0
github.com/calvincolton/greenlight/internal/store/movies.go:115.12,117.3 1 0
github.com/calvincolton/greenlight/internal/store/movies.go:119.2,128.16 5 0
github.com/calvincolton/greenlight/internal/store/movies.go:128.16,130.3 1 0
github.com/calvincolton/greenlight/internal/store/movies.go:132.2,133.16 2 0
github.com/calvincolton/greenlight/internal/store/movies.go:133.16,135.3 1 0
github.com/calvincolton/greenlight/internal/store/movies.go:137.2,137.23 1 0
github.com/calvincolton/greenlight/internal/store/movies.go:137.23,139.3 1 0
github.com/calvincolton/greenlight/internal/store/movies.go:141.2,141.12 1 0
github.com/calvincolton/greenlight/internal/store/movies.go:148.31,165.16 6 0
github.com/calvincolton/greenlight/internal/store/movies.go:165.16,167.3 1 0
github.com/calvincolton/greenlight/internal/store/movies.go:168.2,173.18 4 0
github.com/calvincolton/greenlight/internal/store/movies.go:173.18,186.17 3 0
github.com/calvincolton/greenlight/internal/store/movies.go:186.17,188.4 1 0
github.com/calvincolton/greenlight/internal/store/movies.go:190.3,190.34 1 0
github.com/calvincolton/greenlight/internal/store/movies.go:193.2,193.34 1 0
github.com/calvincolton/greenlight/internal/store/movies.go:193.34,195.3 1 0
github.com/calvincolton/greenlight/internal/store/movies.go:197.2,199.30 2 0
github.com/calvincolton/greenlight/internal/store/movies.go:202.58,217.2 11 0
github.com/calvincolton/greenlight/internal/store/permissions.go:22.48,23.19 1 0
github.com/calvincolton/greenlight/internal/store/permissions.go:23.19,24.19 1 0
github.com/calvincolton/greenlight/internal/store/permissions.go:24.19,26.4 1 0
github.com/calvincolton/greenlight/internal/store/permissions.go:29.2,29.14 1 0
github.com/calvincolton/greenlight/internal/store/permissions.go:32.75,45.16 5 0
github.com/calvincolton/greenlight/internal/store/permissions.go:45.16,47.3 1 0
github.com/calvincolton/greenlight/internal/store/permissions.go:48.2,52.18 3 0
github.com/calvincolton/greenlight/internal/store/permissions.go:52.18,56.17 3 0
github.com/calvincolton/greenlight/internal/store/permissions.go:56.17,58.4 1 0
github.com/calvincolton/greenlight/internal/store/permissions.go:60.3,60.48 1 0
github.com/calvincolton/greenlight/internal/store/permissions.go:62.2,62.34 1 0
github.com/calvincolton/greenlight/internal/store/permissions.go:62.34,64.3 1 0
github.com/calvincolton/greenlight/internal/store/permissions.go:66.2,66.25 1 0
github.com/calvincolton/greenlight/internal/store/permissions.go:69.74,80.2 5 0
github.com/calvincolton/greenlight/internal/store/runtime.go:14.48,20.2 3 0
github.com/calvincolton/greenlight/internal/store/runtime.go:22.57,24.16 2 0
github.com/calvincolton/greenlight/internal/store/runtime.go:24.16,26.3 1 0
github.com/calvincolton/greenlight/internal/store/runtime.go:28.2,30.43 2 0
github.com/calvincolton/greenlight/internal/store/runtime.go:30.43,32.3 1 0
github.com/calvincolton/greenlight/internal/store/runtime.go:34.2,35.16 2 0
github.com/calvincolton/greenlight/internal/store/runtime.go:35.16,37.3 1 0
github.com/calvincolton/greenlight/internal/store/runtime.go:39.2,41.12 2 0
github.com/calvincolton/greenlight/internal/store/store.go:21.33,28.2 1 0
github.com/calvincolton/greenlight/internal/store/tokens.go:31.83,40.16 4 0
github.com/calvincolton/greenlight/internal/store/tokens.go:40.16,42.3 1 0
github.com/calvincolton/greenlight/internal/store/tokens.go:44.2,48.19 4 0
github.com/calvincolton/greenlight/internal/store/tokens.go:51.88,53.16 2 0
github.com/calvincolton/greenlight/internal/store/tokens.go:53.16,55.3 1 0
github.com/calvincolton/greenlight/internal/store/tokens.go:57.2,58.19 2 0
github.com/calvincolton/greenlight/internal/store/tokens.go:61.48,74.2 6 0
github.com/calvincolton/greenlight/internal/store/tokens.go:76.72,87.2 5 0
github.com/calvincolton/greenlight/internal/store/tokens.go:89.76,92.2 2 0
github.com/calvincolton/greenlight/internal/store/users.go:36.45,53.16 6 0
github.com/calvincolton/greenlight/internal/store/users.go:53.16,54.10 1 0
github.com/calvincolton/greenlight/internal/store/users.go:55.94,56.28 1 0
github.com/calvincolton/greenlight/internal/store/users.go:57.11,58.14 1 0
github.com/calvincolton/greenlight/internal/store/users.go:62.2,62.12 1 0
github.com/calvincolton/greenlight/internal/store/users.go:68.60,90.16 6 0
github.com/calvincolton/greenlight/internal/store/users.go:90.16,91.10 1 0
github.com/calvincolton/greenlight/internal/store/users.go:92.38,93.33 1 0
github.com/calvincolton/greenlight/internal/store/users.go:94.11,95.19 1 0
github.com/calvincolton/greenlight/internal/store/users.go:99.2,99.19 1 0
github.com/calvincolton/greenlight/internal/store/users.go:104.45,125.16 6 0
github.com/calvincolton/greenlight/internal/store/users.go:125.16,126.10 1 0
github.com/calvincolton/greenlight/internal/store/users.go:127.94,128.28 1 0
github.com/calvincolton/greenlight/internal/store/users.go:129.38,130.26 1 0
github.com/calvincolton/greenlight/internal/store/users.go:131.11,132.14 1 0
github.com/calvincolton/greenlight/internal/store/users.go:136.2,136.12 1 0
github.com/calvincolton/greenlight/internal/store/users.go:141.56,143.16 2 0
github.com/calvincolton/greenlight/internal/store/users.go:143.16,145.3 1 0
github.com/calvincolton/greenlight/internal/store/users.go:147.2,150.12 3 0
github.com/calvincolton/greenlight/internal/store/users.go:155.68,157.16 2 0
github.com/calvincolton/greenlight/internal/store/users.go:157.16,158.10 1 0
github.com/calvincolton/greenlight/internal/store/users.go:159.60,160.21 1 0
github.com/calvincolton/greenlight/internal/store/users.go:161.11,162.21 1 0
github.com/calvincolton/greenlight/internal/store/users.go:166.2,166.18 1 0
github.com/calvincolton/greenlight/internal/store/users.go:169.82,198.16 8 0
github.com/calvincolton/greenlight/internal/store/users.go:198.16,199.10 1 0
github.com/calvincolton/greenlight/internal/store/users.go:200.38,201.33 1 0
github.com/calvincolton/greenlight/internal/store/users.go:202.11,203.19 1 0
github.com/calvincolton/greenlight/internal/store/users.go:207.2,207.19 1 0
github.com/calvincolton/greenlight/internal/store/users.go:210.35,212.2 1 0
github.com/calvincolton/greenlight/internal/store/users.go:214.58,217.2 2 0
github.com/calvincolton/greenlight/internal/store/users.go:219.73,223.2 3 0
github.com/calvincolton/greenlight/internal/store/users.go:225.55,231.36 4 0
github.com/calvincolton/greenlight/internal/store/users.go:231.36,233.3 1 0
github.com/calvincolton/greenlight/internal/store/users.go:235.2,235.31 1 0
github.com/calvincolton/greenlight/internal/store/users.go:235.31,236.42 1 0
github.com/calvincolton/greenlight/internal/vcs/vcs.go:8.23,16.8 3 0
github.com/calvincolton/greenlight/internal/vcs/vcs.go:16.8,17.33 1 0
github.com/calvincolton/greenlight/internal/vcs/vcs.go:17.33,18.17 1 0
github.com/calvincolton/greenlight/internal/vcs/vcs.go:19.20,20.19 1 0
github.com/calvincolton/greenlight/internal/vcs/vcs.go:21.24,22.23 1 0
github.com/calvincolton/greenlight/internal/vcs/vcs.go:23.24,24.26 1 0
github.com/calvincolton/greenlight/internal/vcs/vcs.go:24.26,26.6 1 0
github.com/calvincolton/greenlight/internal/vcs/vcs.go:31.2,31.14 1 0
github.com/calvincolton/greenlight/internal/vcs/vcs.go:31.14,33.3 1 0
github.com/calvincolton/greenlight/internal/vcs/vcs.go:35.2,35.45 1 0
github.com/calvincolton/greenlight/cmd/api/context.go:14.89,17.2 2 0
github.com/calvincolton/greenlight/cmd/api/context.go:19.69,21.9 2 0
github.com/calvincolton/greenlight/cmd/api/context.go:21.9,22.49 1 0
github.com/calvincolton/greenlight/cmd/api/context.go:25.2,25.13 1 0
github.com/calvincolton/greenlight/cmd/api/errors.go:9.62,16.2 2 0
github.com/calvincolton/greenlight/cmd/api/errors.go:18.104,22.16 3 1
github.com/calvincolton/greenlight/cmd/api/errors.go:22.16,25.3 2 0
github.com/calvincolton/greenlight/cmd/api/errors.go:28.96,33.2 3 0
github.com/calvincolton/greenlight/cmd/api/errors.go:35.82,38.2 2 0
github.com/calvincolton/greenlight/cmd/api/errors.go:40.85,43.2 2 0
github.com/calvincolton/greenlight/cmd/api/errors.go:45.90,48.2 2 0
github.com/calvincolton/greenlight/cmd/api/errors.go:50.95,52.2 1 0
github.com/calvincolton/greenlight/cmd/api/errors.go:54.116,56.2 1 0
github.com/calvincolton/greenlight/cmd/api/errors.go:58.92,61.2 2 0
github.com/calvincolton/greenlight/cmd/api/errors.go:63.100,68.2 3 0
github.com/calvincolton/greenlight/cmd/api/errors.go:70.96,73.2 2 0
github.com/calvincolton/greenlight/cmd/api/errors.go:75.89,78.2 2 0
github.com/calvincolton/greenlight/cmd/api/errors.go:80.86,83.2 2 0
github.com/calvincolton/greenlight/cmd/api/errors.go:85.91,88.2 2 1
github.com/calvincolton/greenlight/cmd/api/handlersHealth.go:7.84,17.16 3 1
github.com/calvincolton/greenlight/cmd/api/handlersHealth.go:17.16,19.3 1 0
github.com/calvincolton/greenlight/cmd/api/handlersMovies.go:12.84,21.16 3 0
github.com/calvincolton/greenlight/cmd/api/handlersMovies.go:21.16,24.3 2 0
github.com/calvincolton/greenlight/cmd/api/handlersMovies.go:26.2,35.47 3 0
github.com/calvincolton/greenlight/cmd/api/handlersMovies.go:35.47,38.3 2 0
github.com/calvincolton/greenlight/cmd/api/handlersMovies.go:40.2,41.16 2 0
github.com/calvincolton/greenlight/cmd/api/handlersMovies.go:41.16,44.3 2 0
github.com/calvincolton/greenlight/cmd/api/handlersMovies.go:46.2,50.16 4 0
github.com/calvincolton/greenlight/cmd/api/handlersMovies.go:50.16,52.3 1 0
github.com/calvincolton/greenlight/cmd/api/handlersMovies.go:55.82,57.16 2 0
github.com/calvincolton/greenlight/cmd/api/handlersMovies.go:57.16,60.3 2 0
github.com/calvincolton/greenlight/cmd/api/handlersMovies.go:62.2,63.16 2 0
github.com/calvincolton/greenlight/cmd/api/handlersMovies.go:63.16,64.10 1 0
github.com/calvincolton/greenlight/cmd/api/handlersMovies.go:65.48,66.30 1 0
github.com/calvincolton/greenlight/cmd/api/handlersMovies.go:67.11,68.38 1 0
github.com/calvincolton/greenlight/cmd/api/handlersMovies.go:70.3,70.9 1 0
github.com/calvincolton/greenlight/cmd/api/handlersMovies.go:73.2,74.16 2 0
github.com/calvincolton/greenlight/cmd/api/handlersMovies.go:74.16,76.3 1 0
github.com/calvincolton/greenlight/cmd/api/handlersMovies.go:79.81,81.16 2 0
github.com/calvincolton/greenlight/cmd/api/handlersMovies.go:81.16,84.3 2 0
github.com/calvincolton/greenlight/cmd/api/handlersMovies.go:86.2,87.16 2 0
github.com/calvincolton/greenlight/cmd/api/handlersMovies.go:87.16,88.10 1 0
github.com/calvincolton/greenlight/cmd/api/handlersMovies.go:89.48,90.30 1 0
github.com/calvincolton/greenlight/cmd/api/handlersMovies.go:91.11,92.38 1 0
github.com/calvincolton/greenlight/cmd/api/handlersMovies.go:94.3,94.9 1 0
github.com/calvincolton/greenlight/cmd/api/handlersMovies.go:97.2,105.16 3 0
github.com/calvincolton/greenlight/cmd/api/handlersMovies.go:105.16,108.3 2 0
github.com/calvincolton/greenlight/cmd/api/handlersMovies.go:110.2,117.47 6 0
github.com/calvincolton/greenlight/cmd/api/handlersMovies.go:117.47,120.3 2 0
github.com/calvincolton/greenlight/cmd/api/handlersMovies.go:122.2,123.16 2 0
github.com/calvincolton/greenlight/cmd/api/handlersMovies.go:123.16,124.10 1 0
github.com/calvincolton/greenlight/cmd/api/handlersMovies.go:125.46,126.33 1 0
github.com/calvincolton/greenlight/cmd/api/handlersMovies.go:127.11,128.38 1 0
github.com/calvincolton/greenlight/cmd/api/handlersMovies.go:130.3,130.9 1 0
github.com/calvincolton/greenlight/cmd/api/handlersMovies.go:133.2,134.16 2 0
github.com/calvincolton/greenlight/cmd/api/handlersMovies.go:134.16,136.3 1 0
github.com/calvincolton/greenlight/cmd/api/handlersMovies.go:139.83,141.16 2 0
github.com/calvincolton/greenlight/cmd/api/handlersMovies.go:141.16,144.3 2 0
github.com/calvincolton/greenlight/cmd/api/handlersMovies.go:146.2,147.16 2 0
github.com/calvincolton/greenlight/cmd/api/handlersMovies.go:147.16,148.10 1 0
github.com/calvincolton/greenlight/cmd/api/handlersMovies.go:149.48,150.30 1 0
github.com/calvincolton/greenlight/cmd/api/handlersMovies.go:151.11,152.38 1 0
github.com/calvincolton/greenlight/cmd/api/handlersMovies.go:154.3,154.9 1 0
github.com/calvincolton/greenlight/cmd/api/handlersMovies.go:157.2,165.16 3 0
github.com/calvincolton/greenlight/cmd/api/handlersMovies.go:165.16,168.3 2 0
github.com/calvincolton/greenlight/cmd/api/handlersMovies.go:170.2,170.24 1 0
github.com/calvincolton/greenlight/cmd/api/handlersMovies.go:170.24,172.3 1 0
github.com/calvincolton/greenlight/cmd/api/handlersMovies.go:173.2,173.23 1 0
github.com/calvincolton/greenlight/cmd/api/handlersMovies.go:173.23,175.3 1 0
github.com/calvincolton/greenlight/cmd/api/handlersMovies.go:176.2,176.26 1 0
github.com/calvincolton/greenlight/cmd/api/handlersMovies.go:176.26,178.3 1 0
github.com/calvincolton/greenlight/cmd/api/handlersMovies.go:179.2,179.25 1 0
github.com/calvincolton/greenlight/cmd/api/handlersMovies.go:179.25,181.3 1 0
github.com/calvincolton/greenlight/cmd/api/handlersMovies.go:183.2,185.47 2 0
github.com/calvincolton/greenlight/cmd/api/handlersMovies.go:185.47,188.3 2 0
github.com/calvincolton/greenlight/cmd/api/handlersMovies.go:190.2,191.16 2 0
github.com/calvincolton/greenlight/cmd/api/handlersMovies.go:191.16,192.10 1 0
github.com/calvincolton/greenlight/cmd/api/handlersMovies.go:193.46,194.33 1 0
github.com/calvincolton/greenlight/cmd/api/handlersMovies.go:195.11,196.38 1 0
github.com/calvincolton/greenlight/cmd/api/handlersMovies.go:198.3,198.9 1 0
github.com/calvincolton/greenlight/cmd/api/handlersMovies.go:201.2,202.16 2 0
github.com/calvincolton/greenlight/cmd/api/handlersMovies.go:202.16,204.3 1 0
github.com/calvincolton/greenlight/cmd/api/handlersMovies.go:207.84,209.16 2 0
github.com/calvincolton/greenlight/cmd/api/handlersMovies.go:209.16,212.3 2 0
github.com/calvincolton/greenlight/cmd/api/handlersMovies.go:214.2,215.16 2 0
github.com/calvincolton/greenlight/cmd/api/handlersMovies.go:215.16,216.10 1 0
github.com/calvincolton/greenlight/cmd/api/handlersMovies.go:217.48,218.30 1 0
github.com/calvincolton/greenlight/cmd/api/handlersMovies.go:219.11,220.38 1 0
github.com/calvincolton/greenlight/cmd/api/handlersMovies.go:222.3,222.9 1 0
github.com/calvincolton/greenlight/cmd/api/handlersMovies.go:225.2,226.16 2 0
github.com/calvincolton/greenlight/cmd/api/handlersMovies.go:226.16,228.3 1 0
github.com/calvincolton/greenlight/cmd/api/handlersMovies.go:231.83,251.57 11 0
github.com/calvincolton/greenlight/cmd/api/handlersMovies.go:251.57,254.3 2 0
github.com/calvincolton/greenlight/cmd/api/handlersMovies.go:256.2,257.16 2 0
github.com/calvincolton/greenlight/cmd/api/handlersMovies.go:257.16,260.3 2 0
github.com/calvincolton/greenlight/cmd/api/handlersMovies.go:262.2,263.16 2 0
github.com/calvincolton/greenlight/cmd/api/handlersMovies.go:263.16,265.3 1 0
github.com/calvincolton/greenlight/cmd/api/handlersTokens.go:12.98,19.16 3 0
github.com/calvincolton/greenlight/cmd/api/handlersTokens.go:19.16,22.3 2 0
github.com/calvincolton/greenlight/cmd/api/handlersTokens.go:24.2,28.16 4 0
github.com/calvincolton/greenlight/cmd/api/handlersTokens.go:28.16,31.3 2 0
github.com/calvincolton/greenlight/cmd/api/handlersTokens.go:33.2,34.16 2 0
github.com/calvincolton/greenlight/cmd/api/handlersTokens.go:34.16,35.10 1 0
github.com/calvincolton/greenlight/cmd/api/handlersTokens.go:36.48,37.40 1 0
github.com/calvincolton/greenlight/cmd/api/handlersTokens.go:38.11,39.38 1 0
github.com/calvincolton/greenlight/cmd/api/handlersTokens.go:41.3,41.9 1 0
github.com/calvincolton/greenlight/cmd/api/handlersTokens.go:44.2,45.16 2 0
github.com/calvincolton/greenlight/cmd/api/handlersTokens.go:45.16,48.3 2 0
github.com/calvincolton/greenlight/cmd/api/handlersTokens.go:49.2,49.12 1 0
github.com/calvincolton/greenlight/cmd/api/handlersTokens.go:49.12,52.3 2 0
github.com/calvincolton/greenlight/cmd/api/handlersTokens.go:54.2,55.16 2 0
github.com/calvincolton/greenlight/cmd/api/handlersTokens.go:55.16,58.3 2 0
github.com/calvincolton/greenlight/cmd/api/handlersTokens.go:60.2,61.16 2 0
github.com/calvincolton/greenlight/cmd/api/handlersTokens.go:61.16,63.3 1 0
github.com/calvincolton/greenlight/cmd/api/handlersUsers.go:12.85,20.16 3 0
github.com/calvincolton/greenlight/cmd/api/handlersUsers.go:20.16,23.3 2 0
github.com/calvincolton/greenlight/cmd/api/handlersUsers.go:25.2,32.16 3 0
github.com/calvincolton/greenlight/cmd/api/handlersUsers.go:32.16,35.3 2 0
github.com/calvincolton/greenlight/cmd/api/handlersUsers.go:37.2,39.45 2 0
github.com/calvincolton/greenlight/cmd/api/handlersUsers.go:39.45,42.3 2 0
github.com/calvincolton/greenlight/cmd/api/handlersUsers.go:44.2,45.16 2 0
github.com/calvincolton/greenlight/cmd/api/handlersUsers.go:45.16,46.10 1 0
github.com/calvincolton/greenlight/cmd/api/handlersUsers.go:47.48,49.48 2 0
github.com/calvincolton/greenlight/cmd/api/handlersUsers.go:50.11,51.38 1 0
github.com/calvincolton/greenlight/cmd/api/handlersUsers.go:53.3,53.9 1 0
github.com/calvincolton/greenlight/cmd/api/handlersUsers.go:56.2,57.16 2 0
github.com/calvincolton/greenlight/cmd/api/handlersUsers.go:57.16,60.3 2 0
github.com/calvincolton/greenlight/cmd/api/handlersUsers.go:62.2,63.16 2 0
github.com/calvincolton/greenlight/cmd/api/handlersUsers.go:63.16,66.3 2 0
github.com/calvincolton/greenlight/cmd/api/handlersUsers.go:68.2,68.24 1 0
github.com/calvincolton/greenlight/cmd/api/handlersUsers.go:68.24,75.17 3 0
github.com/calvincolton/greenlight/cmd/api/handlersUsers.go:75.17,77.4 1 0
github.com/calvincolton/greenlight/cmd/api/handlersUsers.go:80.2,81.16 2 0
github.com/calvincolton/greenlight/cmd/api/handlersUsers.go:81.16,83.3 1 0
github.com/calvincolton/greenlight/cmd/api/handlersUsers.go:86.85,92.16 3 0
github.com/calvincolton/greenlight/cmd/api/handlersUsers.go:92.16,95.3 2 0
github.com/calvincolton/greenlight/cmd/api/handlersUsers.go:97.2,100.16 3 0
github.com/calvincolton/greenlight/cmd/api/handlersUsers.go:100.16,103.3 2 0
github.com/calvincolton/greenlight/cmd/api/handlersUsers.go:105.2,106.16 2 0
github.com/calvincolton/greenlight/cmd/api/handlersUsers.go:106.16,107.10 1 0
github.com/calvincolton/greenlight/cmd/api/handlersUsers.go:108.48,110.48 2 0
github.com/calvincolton/greenlight/cmd/api/handlersUsers.go:111.11,112.38 1 0
github.com/calvincolton/greenlight/cmd/api/handlersUsers.go:114.3,114.9 1 0
github.com/calvincolton/greenlight/cmd/api/handlersUsers.go:117.2,119.16 3 0
github.com/calvincolton/greenlight/cmd/api/handlersUsers.go:119.16,120.10 1 0
github.com/calvincolton/greenlight/cmd/api/handlersUsers.go:121.46,122.33 1 0
github.com/calvincolton/greenlight/cmd/api/handlersUsers.go:123.11,124.38 1 0
github.com/calvincolton/greenlight/cmd/api/handlersUsers.go:126.3,126.9 1 0
github.com/calvincolton/greenlight/cmd/api/handlersUsers.go:129.2,130.16 2 0
github.com/calvincolton/greenlight/cmd/api/handlersUsers.go:130.16,133.3 2 0
github.com/calvincolton/greenlight/cmd/api/handlersUsers.go:135.2,136.16 2 0
github.com/calvincolton/greenlight/cmd/api/handlersUsers.go:136.16,139.3 2 0
github.com/calvincolton/greenlight/cmd/api/handlersUsers.go:141.2,142.16 2 0
github.com/calvincolton/greenlight/cmd/api/handlersUsers.go:142.16,144.3 1 0
github.com/calvincolton/greenlight/cmd/api/helpers.go:17.84,21.26 3 0
github.com/calvincolton/greenlight/cmd/api/helpers.go:21.26,23.3 1 0
github.com/calvincolton/greenlight/cmd/api/helpers.go:25.2,25.16 1 0
github.com/calvincolton/greenlight/cmd/api/helpers.go:30.112,32.16 2 1
github.com/calvincolton/greenlight/cmd/api/helpers.go:32.16,34.3 1 0
github.com/calvincolton/greenlight/cmd/api/helpers.go:36.2,38.34 2 1
github.com/calvincolton/greenlight/cmd/api/helpers.go:38.34,40.3 1 0
github.com/calvincolton/greenlight/cmd/api/helpers.go:42.2,46.12 4 1
github.com/calvincolton/greenlight/cmd/api/helpers.go:49.89,57.16 6 0
github.com/calvincolton/greenlight/cmd/api/helpers.go:57.16,63.10 5 0
github.com/calvincolton/greenlight/cmd/api/helpers.go:64.37,65.94 1 0
github.com/calvincolton/greenlight/cmd/api/helpers.go:67.44,68.56 1 0
github.com/calvincolton/greenlight/cmd/api/helpers.go:70.44,71.38 1 0
github.com/calvincolton/greenlight/cmd/api/helpers.go:71.38,73.5 1 0
github.com/calvincolton/greenlight/cmd/api/helpers.go:74.4,74.103 1 0
github.com/calvincolton/greenlight/cmd/api/helpers.go:76.31,77.47 1 0
github.com/calvincolton/greenlight/cmd/api/helpers.go:79.63,81.64 2 0
github.com/calvincolton/greenlight/cmd/api/helpers.go:83.39,84.83 1 0
github.com/calvincolton/greenlight/cmd/api/helpers.go:86.47,87.14 1 0
github.com/calvincolton/greenlight/cmd/api/helpers.go:89.11,90.14 1 0
github.com/calvincolton/greenlight/cmd/api/helpers.go:94.2,95.29 2 0
github.com/calvincolton/greenlight/cmd/api/helpers.go:95.29,97.3 1 0
github.com/calvincolton/greenlight/cmd/api/helpers.go:99.2,99.12 1 0
github.com/calvincolton/greenlight/cmd/api/helpers.go:102.92,105.13 2 0
github.com/calvincolton/greenlight/cmd/api/helpers.go:105.13,107.3 1 0
github.com/calvincolton/greenlight/cmd/api/helpers.go:109.2,109.10 1 0
github.com/calvincolton/greenlight/cmd/api/helpers.go:112.92,115.15 2 0
github.com/calvincolton/greenlight/cmd/api/helpers.go:115.15,117.3 1 0
github.com/calvincolton/greenlight/cmd/api/helpers.go:119.2,119.32 1 0
github.com/calvincolton/greenlight/cmd/api/helpers.go:127.7,130.13 2 0
github.com/calvincolton/greenlight/cmd/api/helpers.go:130.13,132.3 1 0
github.com/calvincolton/greenlight/cmd/api/helpers.go:134.2,135.16 2 0
github.com/calvincolton/greenlight/cmd/api/helpers.go:135.16,138.3 2 0
github.com/calvincolton/greenlight/cmd/api/helpers.go:140.2,140.10 1 0
github.com/calvincolton/greenlight/cmd/api/helpers.go:144.47,147.12 2 0
github.com/calvincolton/greenlight/cmd/api/helpers.go:147.12,150.16 2 0
github.com/calvincolton/greenlight/cmd/api/helpers.go:150.16,151.36 1 0
github.com/calvincolton/greenlight/cmd/api/helpers.go:151.36,153.5 1 0
github.com/calvincolton/greenlight/cmd/api/helpers.go:156.3,156.7 1 0
github.com/calvincolton/greenlight/cmd/api/main.go:63.13,88.101 19 0
github.com/calvincolton/greenlight/cmd/api/main.go:88.101,91.3 2 0
github.com/calvincolton/greenlight/cmd/api/main.go:93.2,97.21 3 0
github.com/calvincolton/greenlight/cmd/api/main.go:97.21,100.3 2 0
github.com/calvincolton/greenlight/cmd/api/main.go:103.2,109.16 3 0
github.com/calvincolton/greenlight/cmd/api/main.go:109.16,112.3 2 0
github.com/calvincolton/greenlight/cmd/api/main.go:113.2,118.54 4 0
github.com/calvincolton/greenlight/cmd/api/main.go:118.54,120.3 1 0
github.com/calvincolton/greenlight/cmd/api/main.go:121.2,121.52 1 0
github.com/calvincolton/greenlight/cmd/api/main.go:121.52,123.3 1 0
github.com/calvincolton/greenlight/cmd/api/main.go:124.2,124.53 1 0
github.com/calvincolton/greenlight/cmd/api/main.go:124.53,126.3 1 0
github.com/calvincolton/greenlight/cmd/api/main.go:128.2,142.16 3 0
github.com/calvincolton/greenlight/cmd/api/main.go:142.16,145.3 2 0
github.com/calvincolton/greenlight/cmd/api/main.go:148.42,158.16 3 0
github.com/calvincolton/greenlight/cmd/api/main.go:158.16,160.3 1 0
github.com/calvincolton/greenlight/cmd/api/main.go:162.2,170.16 7 0
github.com/calvincolton/greenlight/cmd/api/main.go:170.16,173.3 2 0
github.com/calvincolton/greenlight/cmd/api/main.go:175.2,175.16 1 0
github.com/calvincolton/greenlight/cmd/api/middleware.go:25.77,30.2 1 0
github.com/calvincolton/greenlight/cmd/api/middleware.go:32.62,35.23 2 0
github.com/calvincolton/greenlight/cmd/api/middleware.go:35.23,38.3 2 0
github.com/calvincolton/greenlight/cmd/api/middleware.go:41.63,44.2 2 0
github.com/calvincolton/greenlight/cmd/api/middleware.go:46.63,48.2 1 0
github.com/calvincolton/greenlight/cmd/api/middleware.go:50.65,57.71 2 0
github.com/calvincolton/greenlight/cmd/api/middleware.go:57.71,72.3 8 0
github.com/calvincolton/greenlight/cmd/api/middleware.go:75.70,76.71 1 0
github.com/calvincolton/greenlight/cmd/api/middleware.go:76.71,77.16 1 0
github.com/calvincolton/greenlight/cmd/api/middleware.go:77.16,78.36 1 0
github.com/calvincolton/greenlight/cmd/api/middleware.go:78.36,82.5 2 0
github.com/calvincolton/greenlight/cmd/api/middleware.go:85.3,85.23 1 0
github.com/calvincolton/greenlight/cmd/api/middleware.go:89.68,90.71 1 0
github.com/calvincolton/greenlight/cmd/api/middleware.go:90.71,96.19 4 0
github.com/calvincolton/greenlight/cmd/api/middleware.go:96.19,97.50 1 0
github.com/calvincolton/greenlight/cmd/api/middleware.go:97.50,98.52 1 0
github.com/calvincolton/greenlight/cmd/api/middleware.go:98.52,100.95 2 0
github.com/calvincolton/greenlight/cmd/api/middleware.go:100.95,106.7 4 0
github.com/calvincolton/greenlight/cmd/api/middleware.go:107.6,107.11 1 0
github.com/calvincolton/greenlight/cmd/api/middleware.go:112.3,112.23 1 0
github.com/calvincolton/greenlight/cmd/api/middleware.go:116.67,127.12 3 1
github.com/calvincolton/greenlight/cmd/api/middleware.go:127.12,128.7 1 1
github.com/calvincolton/greenlight/cmd/api/middleware.go:128.7,133.36 3 1
github.com/calvincolton/greenlight/cmd/api/middleware.go:133.36,134.52 1 0
github.com/calvincolton/greenlight/cmd/api/middleware.go:134.52,136.6 1 0
github.com/calvincolton/greenlight/cmd/api/middleware.go:139.4,139.15 1 0
github.com/calvincolton/greenlight/cmd/api/middleware.go:143.2,143.71 1 1
github.com/calvincolton/greenlight/cmd/api/middleware.go:143.71,144.33 1 1
github.com/calvincolton/greenlight/cmd/api/middleware.go:144.33,149.39 3 1
github.com/calvincolton/greenlight/cmd/api/middleware.go:149.39,153.5 1 1
github.com/calvincolton/greenlight/cmd/api/middleware.go:154.4,156.36 2 1
github.com/calvincolton/greenlight/cmd/api/middleware.go:156.36,160.5 3 1
github.com/calvincolton/greenlight/cmd/api/middleware.go:162.4,162.15 1 1
github.com/calvincolton/greenlight/cmd/api/middleware.go:165.3,165.23 1 1
github.com/calvincolton/greenlight/cmd/api/middleware.go:169.70,170.71 1 0
github.com/calvincolton/greenlight/cmd/api/middleware.go:170.71,174.32 3 0
github.com/calvincolton/greenlight/cmd/api/middleware.go:174.32,178.4 3 0
github.com/calvincolton/greenlight/cmd/api/middleware.go:180.3,181.58 2 0
github.com/calvincolton/greenlight/cmd/api/middleware.go:181.58,184.4 2 0
github.com/calvincolton/greenlight/cmd/api/middleware.go:186.3,191.17 4 0
github.com/calvincolton/greenlight/cmd/api/middleware.go:191.17,194.4 2 0
github.com/calvincolton/greenlight/cmd/api/middleware.go:196.3,197.17 2 0
github.com/calvincolton/greenlight/cmd/api/middleware.go:197.17,198.11 1 0
github.com/calvincolton/greenlight/cmd/api/middleware.go:199.49,200.49 1 0
github.com/calvincolton/greenlight/cmd/api/middleware.go:201.12,202.39 1 0
github.com/calvincolton/greenlight/cmd/api/middleware.go:204.4,204.10 1 0
github.com/calvincolton/greenlight/cmd/api/middleware.go:207.3,209.23 2 0
github.com/calvincolton/greenlight/cmd/api/middleware.go:213.90,214.71 1 0
github.com/calvincolton/greenlight/cmd/api/middleware.go:214.71,217.25 2 0
github.com/calvincolton/greenlight/cmd/api/middleware.go:217.25,220.4 2 0
github.com/calvincolton/greenlight/cmd/api/middleware.go:222.3,222.23 1 0
github.com/calvincolton/greenlight/cmd/api/middleware.go:226.86,227.70 1 0
github.com/calvincolton/greenlight/cmd/api/middleware.go:227.70,230.22 2 0
github.com/calvincolton/greenlight/cmd/api/middleware.go:230.22,233.4 2 0
github.com/calvincolton/greenlight/cmd/api/middleware.go:235.3,235.23 1 0
github.com/calvincolton/greenlight/cmd/api/middleware.go:238.2,238.41 1 0
github.com/calvincolton/greenlight/cmd/api/middleware.go:241.96,242.53 1 0
github.com/calvincolton/greenlight/cmd/api/middleware.go:242.53,246.17 3 0
github.com/calvincolton/greenlight/cmd/api/middleware.go:246.17,249.4 2 0
github.com/calvincolton/greenlight/cmd/api/middleware.go:251.3,251.33 1 0
github.com/calvincolton/greenlight/cmd/api/middleware.go:251.33,254.4 2 0
github.com/calvincolton/greenlight/cmd/api/middleware.go:256.3,256.23 1 0
github.com/calvincolton/greenlight/cmd/api/middleware.go:259.2,259.37 1 0
github.com/calvincolton/greenlight/cmd/api/routes.go:11.47,35.2 15 0
github.com/calvincolton/greenlight/cmd/api/server.go:15.39,27.12 3 0
github.com/calvincolton/greenlight/cmd/api/server.go:27.12,38.17 8 0
github.com/calvincolton/greenlight/cmd/api/server.go:38.17,40.4 1 0
github.com/calvincolton/greenlight/cmd/api/server.go:42.3,46.23 3 0
github.com/calvincolton/greenlight/cmd/api/server.go:49.2,52.43 3 0
github.com/calvincolton/greenlight/cmd/api/server.go:52.43,54.3 1 0
github.com/calvincolton/greenlight/cmd/api/server.go:56.2,57.16 2 0
github.com/calvincolton/greenlight/cmd/api/server.go:57.16,59.3 1 0
github.com/calvincolton/greenlight/cmd/api/server.go:61.2,63.12 2 0
github.com/calvincolton/greenlight/internal/mailer/mailer.go:20.75,28.2 3 0
github.com/calvincolton/greenlight/internal/mailer/mailer.go:30.70,32.16 2 0
github.com/calvincolton/greenlight/internal/mailer/mailer.go:32.16,34.3 1 0
github.com/calvincolton/greenlight/internal/mailer/mailer.go:36.2,38.16 3 0
github.com/calvincolton/greenlight/internal/mailer/mailer.go:38.16,40.3 1 0
github.com/calvincolton/greenlight/internal/mailer/mailer.go:42.2,44.16 3 0
github.com/calvincolton/greenlight/internal/mailer/mailer.go:44.16,46.3 1 0
github.com/calvincolton/greenlight/internal/mailer/mailer.go:48.2,50.16 3 0
github.com/calvincolton/greenlight/internal/mailer/mailer.go:50.16,52.3 1 0
github.com/calvincolton/greenlight/internal/mailer/mailer.go:54.2,61.26 7 0
github.com/calvincolton/greenlight/internal/mailer/mailer.go:61.26,64.17 2 0
github.com/calvincolton/greenlight/internal/mailer/mailer.go:64.17,66.4 1 0
github.com/calvincolton/greenlight/internal/mailer/mailer.go:68.3,68.38 1 0
github.com/calvincolton/greenlight/internal/mailer/mailer.go:71.2,71.12 1 0
github.com/calvincolton/greenlight/internal/store/filters.go:17.38,18.43 1 0
github.com/calvincolton/greenlight/internal/store/filters.go:18.43,19.26 1 0
github.com/calvincolton/greenlight/internal/store/filters.go:19.26,21.4 1 0
github.com/calvincolton/greenlight/internal/store/filters.go:24.2,24.43 1 0
github.com/calvincolton/greenlight/internal/store/filters.go:27.42,28.44 1 0
github.com/calvincolton/greenlight/internal/store/filters.go:28.44,30.3 1 0
github.com/calvincolton/greenlight/internal/store/filters.go:32.2,32.14 1 0
github.com/calvincolton/greenlight/internal/store/filters.go:35.30,37.2 1 0
github.com/calvincolton/greenlight/internal/store/filters.go:39.31,41.2 1 0
github.com/calvincolton/greenlight/internal/store/filters.go:43.57,51.2 6 0
github.com/calvincolton/greenlight/internal/store/filters.go:61.67,62.23 1 0
github.com/calvincolton/greenlight/internal/store/filters.go:62.23,64.3 1 0
github.com/calvincolton/greenlight/internal/store/filters.go:66.2,72.3 1 0
github.com/calvincolton/greenlight/internal/store/movies.go:29.48,42.2 5 0
github.com/calvincolton/greenlight/internal/store/movies.go:44.51,45.12 1 0
github.com/calvincolton/greenlight/internal/store/movies.go:45.12,47.3 1 0
github.com/calvincolton/greenlight/internal/store/movies.go:49.2,69.16 6 0
github.com/calvincolton/greenlight/internal/store/movies.go:69.16,70.10 1 0
github.com/calvincolton/greenlight/internal/store/movies.go:71.38,72.33 1 0
github.com/calvincolton/greenlight/internal/store/movies.go:73.11,74.19 1 0
github.com/calvincolton/greenlight/internal/store/movies.go:78.2,78.20 1 0
github.com/calvincolton/greenlight/internal/store/movies.go:81.48,102.16 6 0
github.com/calvincolton/greenlight/internal/store/movies.go:102.16,103.10 1 0
github.com/calvincolton/greenlight/internal/store/movies.go:104.38,105.26 1 0
github.com/calvincolton/greenlight/internal/store/movies.go:106.11,107.14 1 0
github.com/calvincolton/greenlight/internal/store/movies.go:111.2,111.12 1 0
github.com/calvincolton/greenlight/internal/store/movies.go:114.44,115.12 1 0
github.com/calvincolton/greenlight/internal/store/movies.go:115.12,117.3 1 0
github.com/calvincolton/greenlight/internal/store/movies.go:119.2,128.16 5 0
github.com/calvincolton/greenlight/internal/store/movies.go:128.16,130.3 1 0
github.com/calvincolton/greenlight/internal/store/movies.go:132.2,133.16 2 0
github.com/calvincolton/greenlight/internal/store/movies.go:133.16,135.3 1 0
github.com/calvincolton/greenlight/internal/store/movies.go:137.2,137.23 1 0
github.com/calvincolton/greenlight/internal/store/movies.go:137.23,139.3 1 0
github.com/calvincolton/greenlight/internal/store/movies.go:141.2,141.12 1 0
github.com/calvincolton/greenlight/internal/store/movies.go:148.31,165.16 6 0
github.com/calvincolton/greenlight/internal/store/movies.go:165.16,167.3 1 0
github.com/calvincolton/greenlight/internal/store/movies.go:168.2,173.18 4 0
github.com/calvincolton/greenlight/internal/store/movies.go:173.18,186.17 3 0
github.com/calvincolton/greenlight/internal/store/movies.go:186.17,188.4 1 0
github.com/calvincolton/greenlight/internal/store/movies.go:190.3,190.34 1 0
github.com/calvincolton/greenlight/internal/store/movies.go:193.2,193.34 1 0
github.com/calvincolton/greenlight/internal/store/movies.go:193.34,195.3 1 0
github.com/calvincolton/greenlight/internal/store/movies.go:197.2,199.30 2 0
github.com/calvincolton/greenlight/internal/store/movies.go:202.58,217.2 11 0
github.com/calvincolton/greenlight/internal/store/permissions.go:22.48,23.19 1 0
github.com/calvincolton/greenlight/internal/store/permissions.go:23.19,24.19 1 0
github.com/calvincolton/greenlight/internal/store/permissions.go:24.19,26.4 1 0
github.com/calvincolton/greenlight/internal/store/permissions.go:29.2,29.14 1 0
github.com/calvincolton/greenlight/internal/store/permissions.go:32.75,45.16 5 0
github.com/calvincolton/greenlight/internal/store/permissions.go:45.16,47.3 1 0
github.com/calvincolton/greenlight/internal/store/permissions.go:48.2,52.18 3 0
github.com/calvincolton/greenlight/internal/store/permissions.go:52.18,56.17 3 0
github.com/calvincolton/greenlight/internal/store/permissions.go:56.17,58.4 1 0
github.com/calvincolton/greenlight/internal/store/permissions.go:60.3,60.48 1 0
github.com/calvincolton/greenlight/internal/store/permissions.go:62.2,62.34 1 0
github.com/calvincolton/greenlight/internal/store/permissions.go:62.34,64.3 1 0
github.com/calvincolton/greenlight/internal/store/permissions.go:66.2,66.25 1 0
github.com/calvincolton/greenlight/internal/store/permissions.go:69.74,80.2 5 0
github.com/calvincolton/greenlight/internal/store/runtime.go:14.48,20.2 3 0
github.com/calvincolton/greenlight/internal/store/runtime.go:22.57,24.16 2 0
github.com/calvincolton/greenlight/internal/store/runtime.go:24.16,26.3 1 0
github.com/calvincolton/greenlight/internal/store/runtime.go:28.2,30.43 2 0
github.com/calvincolton/greenlight/internal/store/runtime.go:30.43,32.3 1 0
github.com/calvincolton/greenlight/internal/store/runtime.go:34.2,35.16 2 0
github.com/calvincolton/greenlight/internal/store/runtime.go:35.16,37.3 1 0
github.com/calvincolton/greenlight/internal/store/runtime.go:39.2,41.12 2 0
github.com/calvincolton/greenlight/internal/store/store.go:21.33,28.2 1 0
github.com/calvincolton/greenlight/internal/store/tokens.go:31.83,40.16 4 0
github.com/calvincolton/greenlight/internal/store/tokens.go:40.16,42.3 1 0
github.com/calvincolton/greenlight/internal/store/tokens.go:44.2,48.19 4 0
github.com/calvincolton/greenlight/internal/store/tokens.go:51.88,53.16 2 0
github.com/calvincolton/greenlight/internal/store/tokens.go:53.16,55.3 1 0
github.com/calvincolton/greenlight/internal/store/tokens.go:57.2,58.19 2 0
github.com/calvincolton/greenlight/internal/store/tokens.go:61.48,74.2 6 0
github.com/calvincolton/greenlight/internal/store/tokens.go:76.72,87.2 5 0
github.com/calvincolton/greenlight/internal/store/tokens.go:89.76,92.2 2 0
github.com/calvincolton/greenlight/internal/store/users.go:36.45,53.16 6 0
github.com/calvincolton/greenlight/internal/store/users.go:53.16,54.10 1 0
github.com/calvincolton/greenlight/internal/store/users.go:55.94,56.28 1 0
github.com/calvincolton/greenlight/internal/store/users.go:57.11,58.14 1 0
github.com/calvincolton/greenlight/internal/store/users.go:62.2,62.12 1 0
github.com/calvincolton/greenlight/internal/store/users.go:68.60,90.16 6 0
github.com/calvincolton/greenlight/internal/store/users.go:90.16,91.10 1 0
github.com/calvincolton/greenlight/internal/store/users.go:92.38,93.33 1 0
github.com/calvincolton/greenlight/internal/store/users.go:94.11,95.19 1 0
github.com/calvincolton/greenlight/internal/store/users.go:99.2,99.19 1 0
github.com/calvincolton/greenlight/internal/store/users.go:104.45,125.16 6 0
github.com/calvincolton/greenlight/internal/store/users.go:125.16,126.10 1 0
github.com/calvincolton/greenlight/internal/store/users.go:127.94,128.28 1 0
github.com/calvincolton/greenlight/internal/store/users.go:129.38,130.26 1 0
github.com/calvincolton/greenlight/internal/store/users.go:131.11,132.14 1 0
github.com/calvincolton/greenlight/internal/store/users.go:136.2,136.12 1 0
github.com/calvincolton/greenlight/internal/store/users.go:141.56,143.16 2 0
github.com/calvincolton/greenlight/internal/store/users.go:143.16,145.3 1 0
github.com/calvincolton/greenlight/internal/store/users.go:147.2,150.12 3 0
github.com/calvincolton/greenlight/internal/store/users.go:155.68,157.16 2 0
github.com/calvincolton/greenlight/internal/store/users.go:157.16,158.10 1 0
github.com/calvincolton/greenlight/internal/store/users.go:159.60,160.21 1 0
github.com/calvincolton/greenlight/internal/store/users.go:161.11,162.21 1 0
github.com/calvincolton/greenlight/internal/store/users.go:166.2,166.18 1 0
github.com/calvincolton/greenlight/internal/store/users.go:169.82,198.16 8 0
github.com/calvincolton/greenlight/internal/store/users.go:198.16,199.10 1 0
github.com/calvincolton/greenlight/internal/store/users.go:200.38,201.33 1 0
github.com/calvincolton/greenlight/internal/store/users.go:202.11,203.19 1 0
github.com/calvincolton/greenlight/internal/store/users.go:207.2,207.19 1 0
github.com/calvincolton/greenlight/internal/store/users.go:210.35,212.2 1 0
github.com/calvincolton/greenlight/internal/store/users.go:214.58,217.2 2 0
github.com/calvincolton/greenlight/internal/store/users.go:219.73,223.2 3 0
github.com/calvincolton/greenlight/internal/store/users.go:225.55,231.36 4 0
github.com/calvincolton/greenlight/internal/store/users.go:231.36,233.3 1 0
github.com/calvincolton/greenlight/internal/store/users.go:235.2,235.31 1 0
github.com/calvincolton/greenlight/internal/store/users.go:235.31,236.42 1 0
github.com/calvincolton/greenlight/internal/validator/validator.go:16.23,18.2 1 0
github.com/calvincolton/greenlight/internal/validator/validator.go:20.34,22.2 1 0
github.com/calvincolton/greenlight/internal/validator/validator.go:24.51,25.41 1 0
github.com/calvincolton/greenlight/internal/validator/validator.go:25.41,27.3 1 0
github.com/calvincolton/greenlight/internal/validator/validator.go:30.64,31.9 1 0
github.com/calvincolton/greenlight/internal/validator/validator.go:31.9,33.3 1 0
github.com/calvincolton/greenlight/internal/validator/validator.go:36.71,38.2 1 0
github.com/calvincolton/greenlight/internal/validator/validator.go:40.52,42.2 1 0
github.com/calvincolton/greenlight/internal/validator/validator.go:44.44,47.31 2 0
github.com/calvincolton/greenlight/internal/validator/validator.go:47.31,49.3 1 0
github.com/calvincolton/greenlight/internal/validator/validator.go:51.2,51.41 1 0
github.com/calvincolton/greenlight/internal/vcs/vcs.go:8.23,16.8 3 1
github.com/calvincolton/greenlight/internal/vcs/vcs.go:16.8,17.33 1 1
github.com/calvincolton/greenlight/internal/vcs/vcs.go:17.33,18.17 1 1
github.com/calvincolton/greenlight/internal/vcs/vcs.go:19.20,20.19 1 0
github.com/calvincolton/greenlight/internal/vcs/vcs.go:21.24,22.23 1 0
github.com/calvincolton/greenlight/internal/vcs/vcs.go:23.24,24.26 1 0
github.com/calvincolton/greenlight/internal/vcs/vcs.go:24.26,26.6 1 0
github.com/calvincolton/greenlight/internal/vcs/vcs.go:31.2,31.14 1 1
github.com/calvincolton/greenlight/internal/vcs/vcs.go:31.14,33.3 1 0
github.com/calvincolton/greenlight/internal/vcs/vcs.go:35.2,35.45 1 1
